Hi, I'm trying to fix my Fly.io deployment. There's a build error on my Dockerfile.

Please fix my Dockerfile for me to the best of your ability. And give me the updated version so I can paste in Fly.io web deployment UI.

Error logs:

```
#13 4.702 Get:81 http://deb.debian.org/debian bookworm/main amd64 libuv1-dev amd64 1.44.2-1+deb12u1 [172 kB]
#13 4.704 Get:82 http://deb.debian.org/debian bookworm/main amd64 node-xtend all 4.0.2-3 [3932 B]
#13 4.704 Get:83 http://deb.debian.org/debian bookworm/main amd64 nodejs amd64 18.20.4+dfsg-1~deb12u1 [319 kB]
#13 4.706 Get:84 http://deb.debian.org/debian bookworm/main amd64 node-acorn all 8.8.1+ds+~cs25.17.7-2 [128 kB]
#13 4.707 Get:85 http://deb.debian.org/debian bookworm/main amd64 node-cjs-module-lexer all 1.2.2+dfsg-5 [30.1 kB]
#13 4.707 Get:86 http://deb.debian.org/debian bookworm/main amd64 node-busboy all 1.6.0+~cs2.6.0-2 [16.9 kB]
#13 4.707 Get:87 http://deb.debian.org/debian bookworm/main amd64 node-undici all 5.15.0+dfsg1+~cs20.10.9.3-1+deb12u4 [285 kB]
#13 4.709 Get:88 http://deb.debian.org/debian bookworm/main amd64 libnode108 amd64 18.20.4+dfsg-1~deb12u1 [10.6 MB]
#13 4.759 Get:89 http://deb.debian.org/debian bookworm/main amd64 libnode-dev amd64 18.20.4+dfsg-1~deb12u1 [511 kB]
#13 4.761 Get:90 http://deb.debian.org/debian bookworm/main amd64 libpkgconf3 amd64 1.8.1-1 [36.1 kB]
#13 4.762 Get:91 http://deb.debian.org/debian bookworm/main amd64 node-abbrev all 1.1.1+~1.1.2-1 [5692 B]
#13 4.762 Get:92 http://deb.debian.org/debian bookworm/main amd64 node-ms all 2.1.3+~cs0.7.31-3 [5648 B]
#13 4.763 Get:93 http://deb.debian.org/debian bookworm/main amd64 node-debug all 4.3.4+~cs4.1.7-1 [18.1 kB]
#13 4.763 Get:94 http://deb.debian.org/debian bookworm/main amd64 node-yallist all 4.0.0+~4.0.1-1 [8172 B]
#13 4.763 Get:95 http://deb.debian.org/debian bookworm/main amd64 node-lru-cache all 7.14.1-1 [26.3 kB]
#13 4.764 Get:96 http://deb.debian.org/debian bookworm/main amd64 node-semver all 7.3.5+~7.3.9-2 [42.1 kB]
#13 4.764 Get:97 http://deb.debian.org/debian bookworm/main amd64 node-agent-base all 6.0.2+~cs5.4.2-2 [17.3 kB]
#13 4.765 Get:98 http://deb.debian.org/debian bookworm/main amd64 node-ansi-regex all 5.0.1-1 [4912 B]
#13 4.765 Get:99 http://deb.debian.org/debian bookworm/main amd64 node-color-name all 1.1.4+~1.1.1-2 [5920 B]
#13 4.765 Get:100 http://deb.debian.org/debian bookworm/main amd64 node-color-convert all 2.0.1+~cs2.0.0-2 [13.1 kB]
#13 4.766 Get:101 http://deb.debian.org/debian bookworm/main amd64 node-ansi-styles all 6.2.1-2 [8640 B]
#13 4.770 Get:102 http://deb.debian.org/debian bookworm/main amd64 node-aproba all 2.0.0-3 [5844 B]
#13 4.845 Get:103 http://deb.debian.org/debian bookworm/main amd64 node-delegates all 1.0.0-3 [4528 B]
#13 5.051 Get:104 http://deb.debian.org/debian bookworm/main amd64 node-inherits all 2.0.4-6 [4548 B]
#13 5.053 Get:105 http://deb.debian.org/debian bookworm/main amd64 node-core-util-is all 1.0.3-1 [4072 B]
#13 5.053 Get:106 http://deb.debian.org/debian bookworm/main amd64 node-safe-buffer all 5.2.1+~cs2.1.2-3 [15.5 kB]
#13 5.053 Get:107 http://deb.debian.org/debian bookworm/main amd64 node-string-decoder all 1.3.0-6 [7180 B]
#13 5.054 Get:108 http://deb.debian.org/debian bookworm/main amd64 node-process-nextick-args all 2.0.1-3 [3816 B]
#13 5.054 Get:109 http://deb.debian.org/debian bookworm/main amd64 node-util-deprecate all 1.0.2-3 [4436 B]
#13 5.055 Get:110 http://deb.debian.org/debian bookworm/main amd64 node-isarray all 2.0.5-4 [4040 B]
#13 5.055 Get:111 http://deb.debian.org/debian bookworm/main amd64 node-readable-stream all 3.6.0+~cs3.0.0-4 [32.0 kB]
#13 5.055 Get:112 http://deb.debian.org/debian bookworm/main amd64 node-are-we-there-yet all 3.0.1+~1.1.0-1 [10.0 kB]
#13 5.057 Get:113 http://deb.debian.org/debian bookworm/main amd64 node-balanced-match all 2.0.0-1 [4872 B]
#13 5.064 Get:114 http://deb.debian.org/debian bookworm/main amd64 node-brace-expansion all 2.0.1-2 [7320 B]
#13 5.066 Get:115 http://deb.debian.org/debian bookworm/main amd64 node-chownr all 2.0.0-2 [4424 B]
#13 5.068 Get:116 http://deb.debian.org/debian bookworm/main amd64 node-clone all 2.1.2-4 [8280 B]
#13 5.070 Get:117 http://deb.debian.org/debian bookworm/main amd64 node-console-control-strings all 1.1.0-3 [5564 B]
#13 5.075 Get:118 http://deb.debian.org/debian bookworm/main amd64 node-data-uri-to-buffer all 4.0.0-3 [5540 B]
#13 5.077 Get:119 http://deb.debian.org/debian bookworm/main amd64 node-defaults all 1.0.4+~1.0.3-1 [4400 B]
#13 5.078 Get:120 http://deb.debian.org/debian bookworm/main amd64 node-iconv-lite all 0.6.3-3 [115 kB]
#13 5.084 Get:121 http://deb.debian.org/debian bookworm/main amd64 node-encoding all 0.1.13-2 [4400 B]
#13 5.086 Get:122 http://deb.debian.org/debian bookworm/main amd64 node-events all 3.3.0+~3.0.0-3 [5888 B]
#13 5.087 Get:123 http://deb.debian.org/debian bookworm/main amd64 node-time-stamp all 2.2.0-2 [6016 B]
#13 5.089 Get:124 http://deb.debian.org/debian bookworm/main amd64 node-fancy-log all 1.3.3+~cs1.3.1-2 [7940 B]
#13 5.092 Get:125 http://deb.debian.org/debian bookworm/main amd64 node-fetch all 3.3.0+~cs11.4.11-2 [212 kB]
#13 5.094 Get:126 http://deb.debian.org/debian bookworm/main amd64 node-fs.realpath all 1.0.0-3 [6172 B]
#13 5.096 Get:127 http://deb.debian.org/debian bookworm/main amd64 node-has-unicode all 2.0.1-5 [3992 B]
#13 5.098 Get:128 http://deb.debian.org/debian bookworm/main amd64 node-signal-exit all 3.0.7+~3.0.1-1 [7600 B]
#13 5.103 Get:129 http://deb.debian.org/debian bookworm/main amd64 node-slice-ansi all 5.0.0+~cs9.0.0-5 [8788 B]
#13 5.104 Get:130 http://deb.debian.org/debian bookworm/main amd64 node-strip-ansi all 6.0.1-2 [4120 B]
#13 5.106 Get:131 http://deb.debian.org/debian bookworm/main amd64 node-wcwidth.js all 1.0.2-2 [7088 B]
#13 5.107 Get:132 http://deb.debian.org/debian bookworm/main amd64 node-string-width all 4.2.3+~cs13.2.3-1 [10.7 kB]
#13 5.110 Get:133 http://deb.debian.org/debian bookworm/main amd64 node-wide-align all 1.1.3-4 [4244 B]
#13 5.112 Get:134 http://deb.debian.org/debian bookworm/main amd64 node-gauge all 4.0.4-1 [19.6 kB]
#13 5.113 Get:135 http://deb.debian.org/debian bookworm/main amd64 node-wrappy all 1.0.2-3 [3776 B]
#13 5.115 Get:136 http://deb.debian.org/debian bookworm/main amd64 node-once all 1.4.0-7 [4492 B]
#13 5.116 Get:137 http://deb.debian.org/debian bookworm/main amd64 node-inflight all 1.0.6-2 [3952 B]
#13 5.117 Get:138 http://deb.debian.org/debian bookworm/main amd64 node-minimatch all 5.1.1+~5.1.2-1 [18.6 kB]
#13 5.118 Get:139 http://deb.debian.org/debian bookworm/main amd64 node-glob all 8.0.3+~cs8.4.15-1 [133 kB]
#13 5.121 Get:140 http://deb.debian.org/debian bookworm/main amd64 node-graceful-fs all 4.2.10-1 [14.4 kB]
#13 5.122 Get:141 http://deb.debian.org/debian bookworm/main amd64 node-https-proxy-agent all 5.0.1+~cs8.0.0-3 [16.1 kB]
#13 5.125 Get:142 http://deb.debian.org/debian bookworm/main amd64 node-mkdirp all 1.0.4+~1.0.2-4 [11.6 kB]
#13 5.127 Get:143 http://deb.debian.org/debian bookworm/main amd64 node-nopt all 5.0.0-4 [12.1 kB]
#13 5.128 Get:144 http://deb.debian.org/debian bookworm/main amd64 node-set-blocking all 2.0.0-2 [4248 B]
#13 5.130 Get:145 http://deb.debian.org/debian bookworm/main amd64 node-npmlog all 7.0.1+~4.1.4-1 [11.4 kB]
#13 5.132 Get:146 http://deb.debian.org/debian bookworm/main amd64 node-osenv all 0.1.5+~0.1.1-1 [5884 B]
#13 5.135 Get:147 http://deb.debian.org/debian bookworm/main amd64 node-rimraf all 3.0.2-2 [11.1 kB]
#13 5.137 Get:148 http://deb.debian.org/debian bookworm/main amd64 node-jsonparse all 1.3.1-10 [8020 B]
#13 5.140 Get:149 http://deb.debian.org/debian bookworm/main amd64 node-minipass all 3.3.6+~cs9.4.19-1+deb12u1 [43.1 kB]
#13 5.143 Get:150 http://deb.debian.org/debian bookworm/main amd64 node-tar all 6.1.13+~cs7.0.5-1 [51.1 kB]
#13 5.145 Get:151 http://deb.debian.org/debian bookworm/main amd64 node-isexe all 2.0.0+~2.0.1-5 [6084 B]
#13 5.147 Get:152 http://deb.debian.org/debian bookworm/main amd64 node-which all 2.0.2+~cs1.3.2-3 [8368 B]
#13 5.147 Get:153 http://deb.debian.org/debian bookworm/main amd64 node-gyp all 9.3.0-2 [57.9 kB]
#13 5.149 Get:154 http://deb.debian.org/debian bookworm/main amd64 pkgconf-bin amd64 1.8.1-1 [29.5 kB]
#13 5.151 Get:155 http://deb.debian.org/debian bookworm/main amd64 pkgconf amd64 1.8.1-1 [25.9 kB]
#13 5.152 Get:156 http://deb.debian.org/debian bookworm/main amd64 pkg-config amd64 1.8.1-1 [13.7 kB]
#13 5.153 Get:157 http://deb.debian.org/debian bookworm/main amd64 python-is-python3 all 3.11.2-1+deb12u1 [3216 B]
#13 5.342 debconf: delaying package configuration, since apt-utils is not installed
#13 5.382 Fetched 109 MB in 1s (111 MB/s)
#13 5.403 Selecting previously unselected package perl-modules-5.36.
#13 5.403 (Reading database ... 
(Reading database ... 5%
(Reading database ... 10%
(Reading database ... 15%
(Reading database ... 20%
(Reading database ... 25%
(Reading database ... 30%
(Reading database ... 35%
(Reading database ... 40%
(Reading database ... 45%
(Reading database ... 50%
(Reading database ... 55%
(Reading database ... 60%
(Reading database ... 65%
(Reading database ... 70%
(Reading database ... 75%
(Reading database ... 80%
(Reading database ... 85%
(Reading database ... 90%
(Reading database ... 95%
(Reading database ... 100%
(Reading database ... 6095 files and directories currently installed.)
#13 5.412 Preparing to unpack .../0-perl-modules-5.36_5.36.0-7+deb12u3_all.deb ...
#13 5.413 Unpacking perl-modules-5.36 (5.36.0-7+deb12u3) ...
#13 5.830 Selecting previously unselected package libgdbm6:amd64.
#13 5.831 Preparing to unpack .../1-libgdbm6_1.23-3_amd64.deb ...
#13 5.833 Unpacking libgdbm6:amd64 (1.23-3) ...
#13 5.857 Selecting previously unselected package libgdbm-compat4:amd64.
#13 5.859 Preparing to unpack .../2-libgdbm-compat4_1.23-3_amd64.deb ...
#13 5.860 Unpacking libgdbm-compat4:amd64 (1.23-3) ...
#13 5.884 Selecting previously unselected package libperl5.36:amd64.
#13 5.885 Preparing to unpack .../3-libperl5.36_5.36.0-7+deb12u3_amd64.deb ...
#13 5.886 Unpacking libperl5.36:amd64 (5.36.0-7+deb12u3) ...
#13 6.311 Selecting previously unselected package perl.
#13 6.312 Preparing to unpack .../4-perl_5.36.0-7+deb12u3_amd64.deb ...
#13 6.320 Unpacking perl (5.36.0-7+deb12u3) ...
#13 6.363 Selecting previously unselected package libssl3:amd64.
#13 6.364 Preparing to unpack .../5-libssl3_3.0.17-1~deb12u3_amd64.deb ...
#13 6.365 Unpacking libssl3:amd64 (3.0.17-1~deb12u3) ...
#13 6.545 Selecting previously unselected package libpython3.11-minimal:amd64.
#13 6.546 Preparing to unpack .../6-libpython3.11-minimal_3.11.2-6+deb12u6_amd64.deb ...
#13 6.547 Unpacking libpython3.11-minimal:amd64 (3.11.2-6+deb12u6) ...
#13 6.649 Selecting previously unselected package libexpat1:amd64.
#13 6.650 Preparing to unpack .../7-libexpat1_2.5.0-1+deb12u2_amd64.deb ...
#13 6.651 Unpacking libexpat1:amd64 (2.5.0-1+deb12u2) ...
#13 6.677 Selecting previously unselected package python3.11-minimal.
#13 6.679 Preparing to unpack .../8-python3.11-minimal_3.11.2-6+deb12u6_amd64.deb ...
#13 6.684 Unpacking python3.11-minimal (3.11.2-6+deb12u6) ...
#13 6.878 Setting up libssl3:amd64 (3.0.17-1~deb12u3) ...
#13 6.882 Setting up libpython3.11-minimal:amd64 (3.11.2-6+deb12u6) ...
#13 6.891 Setting up libexpat1:amd64 (2.5.0-1+deb12u2) ...
#13 6.894 Setting up python3.11-minimal (3.11.2-6+deb12u6) ...
#13 7.716 Selecting previously unselected package python3-minimal.
#13 7.716 (Reading database ... 
(Reading database ... 5%
(Reading database ... 10%
(Reading database ... 15%
(Reading database ... 20%
(Reading database ... 25%
(Reading database ... 30%
(Reading database ... 35%
(Reading database ... 40%
(Reading database ... 45%
(Reading database ... 50%
(Reading database ... 55%
(Reading database ... 60%
(Reading database ... 65%
(Reading database ... 70%
(Reading database ... 75%
(Reading database ... 80%
(Reading database ... 85%
(Reading database ... 90%
(Reading database ... 95%
(Reading database ... 100%
(Reading database ... 8427 files and directories currently installed.)
#13 7.723 Preparing to unpack .../00-python3-minimal_3.11.2-1+b1_amd64.deb ...
#13 7.724 Unpacking python3-minimal (3.11.2-1+b1) ...
#13 7.746 Selecting previously unselected package media-types.
#13 7.748 Preparing to unpack .../01-media-types_10.0.0_all.deb ...
#13 7.749 Unpacking media-types (10.0.0) ...
#13 7.768 Selecting previously unselected package libncursesw6:amd64.
#13 7.769 Preparing to unpack .../02-libncursesw6_6.4-4_amd64.deb ...
#13 7.770 Unpacking libncursesw6:amd64 (6.4-4) ...
#13 7.804 Selecting previously unselected package libkrb5support0:amd64.
#13 7.805 Preparing to unpack .../03-libkrb5support0_1.20.1-2+deb12u4_amd64.deb ...
#13 7.807 Unpacking libkrb5support0:amd64 (1.20.1-2+deb12u4) ...
#13 7.832 Selecting previously unselected package libk5crypto3:amd64.
#13 7.834 Preparing to unpack .../04-libk5crypto3_1.20.1-2+deb12u4_amd64.deb ...
#13 7.835 Unpacking libk5crypto3:amd64 (1.20.1-2+deb12u4) ...
#13 7.862 Selecting previously unselected package libkeyutils1:amd64.
#13 7.864 Preparing to unpack .../05-libkeyutils1_1.6.3-2_amd64.deb ...
#13 7.865 Unpacking libkeyutils1:amd64 (1.6.3-2) ...
#13 7.886 Selecting previously unselected package libkrb5-3:amd64.
#13 7.887 Preparing to unpack .../06-libkrb5-3_1.20.1-2+deb12u4_amd64.deb ...
#13 7.888 Unpacking libkrb5-3:amd64 (1.20.1-2+deb12u4) ...
#13 7.939 Selecting previously unselected package libgssapi-krb5-2:amd64.
#13 7.940 Preparing to unpack .../07-libgssapi-krb5-2_1.20.1-2+deb12u4_amd64.deb ...
#13 7.942 Unpacking libgssapi-krb5-2:amd64 (1.20.1-2+deb12u4) ...
#13 7.973 Selecting previously unselected package libtirpc-common.
#13 7.975 Preparing to unpack .../08-libtirpc-common_1.3.3+ds-1_all.deb ...
#13 7.977 Unpacking libtirpc-common (1.3.3+ds-1) ...
#13 8.005 Selecting previously unselected package libtirpc3:amd64.
#13 8.007 Preparing to unpack .../09-libtirpc3_1.3.3+ds-1_amd64.deb ...
#13 8.010 Unpacking libtirpc3:amd64 (1.3.3+ds-1) ...
#13 8.039 Selecting previously unselected package libnsl2:amd64.
#13 8.040 Preparing to unpack .../10-libnsl2_1.3.0-2_amd64.deb ...
#13 8.042 Unpacking libnsl2:amd64 (1.3.0-2) ...
#13 8.067 Selecting previously unselected package readline-common.
#13 8.070 Preparing to unpack .../11-readline-common_8.2-1.3_all.deb ...
#13 8.071 Unpacking readline-common (8.2-1.3) ...
#13 8.095 Selecting previously unselected package libreadline8:amd64.
#13 8.097 Preparing to unpack .../12-libreadline8_8.2-1.3_amd64.deb ...
#13 8.098 Unpacking libreadline8:amd64 (8.2-1.3) ...
#13 8.131 Selecting previously unselected package libsqlite3-0:amd64.
#13 8.132 Preparing to unpack .../13-libsqlite3-0_3.40.1-2+deb12u2_amd64.deb ...
#13 8.133 Unpacking libsqlite3-0:amd64 (3.40.1-2+deb12u2) ...
#13 8.205 Selecting previously unselected package libpython3.11-stdlib:amd64.
#13 8.207 Preparing to unpack .../14-libpython3.11-stdlib_3.11.2-6+deb12u6_amd64.deb ...
#13 8.208 Unpacking libpython3.11-stdlib:amd64 (3.11.2-6+deb12u6) ...
#13 8.388 Selecting previously unselected package python3.11.
#13 8.389 Preparing to unpack .../15-python3.11_3.11.2-6+deb12u6_amd64.deb ...
#13 8.390 Unpacking python3.11 (3.11.2-6+deb12u6) ...
#13 8.422 Selecting previously unselected package libpython3-stdlib:amd64.
#13 8.423 Preparing to unpack .../16-libpython3-stdlib_3.11.2-1+b1_amd64.deb ...
#13 8.424 Unpacking libpython3-stdlib:amd64 (3.11.2-1+b1) ...
#13 8.450 Setting up python3-minimal (3.11.2-1+b1) ...
#13 8.628 Selecting previously unselected package python3.
#13 8.628 (Reading database ... 
(Reading database ... 5%
(Reading database ... 10%
(Reading database ... 15%
(Reading database ... 20%
(Reading database ... 25%
(Reading database ... 30%
(Reading database ... 35%
(Reading database ... 40%
(Reading database ... 45%
(Reading database ... 50%
(Reading database ... 55%
(Reading database ... 60%
(Reading database ... 65%
(Reading database ... 70%
(Reading database ... 75%
(Reading database ... 80%
(Reading database ... 85%
(Reading database ... 90%
(Reading database ... 95%
(Reading database ... 100%
(Reading database ... 8935 files and directories currently installed.)
#13 8.640 Preparing to unpack .../000-python3_3.11.2-1+b1_amd64.deb ...
#13 8.645 Unpacking python3 (3.11.2-1+b1) ...
#13 8.669 Selecting previously unselected package bzip2.
#13 8.670 Preparing to unpack .../001-bzip2_1.0.8-5+b1_amd64.deb ...
#13 8.672 Unpacking bzip2 (1.0.8-5+b1) ...
#13 8.696 Selecting previously unselected package xz-utils.
#13 8.698 Preparing to unpack .../002-xz-utils_5.4.1-1_amd64.deb ...
#13 8.699 Unpacking xz-utils (5.4.1-1) ...
#13 8.760 Selecting previously unselected package binutils-common:amd64.
#13 8.762 Preparing to unpack .../003-binutils-common_2.40-2_amd64.deb ...
#13 8.763 Unpacking binutils-common:amd64 (2.40-2) ...
#13 9.010 Selecting previously unselected package libbinutils:amd64.
#13 9.011 Preparing to unpack .../004-libbinutils_2.40-2_amd64.deb ...
#13 9.013 Unpacking libbinutils:amd64 (2.40-2) ...
#13 9.085 Selecting previously unselected package libctf-nobfd0:amd64.
#13 9.086 Preparing to unpack .../005-libctf-nobfd0_2.40-2_amd64.deb ...
#13 9.088 Unpacking libctf-nobfd0:amd64 (2.40-2) ...
#13 9.118 Selecting previously unselected package libctf0:amd64.
#13 9.119 Preparing to unpack .../006-libctf0_2.40-2_amd64.deb ...
#13 9.120 Unpacking libctf0:amd64 (2.40-2) ...
#13 9.146 Selecting previously unselected package libgprofng0:amd64.
#13 9.148 Preparing to unpack .../007-libgprofng0_2.40-2_amd64.deb ...
#13 9.149 Unpacking libgprofng0:amd64 (2.40-2) ...
#13 9.236 Selecting previously unselected package libjansson4:amd64.
#13 9.238 Preparing to unpack .../008-libjansson4_2.14-2_amd64.deb ...
#13 9.240 Unpacking libjansson4:amd64 (2.14-2) ...
#13 9.261 Selecting previously unselected package binutils-x86-64-linux-gnu.
#13 9.263 Preparing to unpack .../009-binutils-x86-64-linux-gnu_2.40-2_amd64.deb ...
#13 9.264 Unpacking binutils-x86-64-linux-gnu (2.40-2) ...
#13 9.514 Selecting previously unselected package binutils.
#13 9.516 Preparing to unpack .../010-binutils_2.40-2_amd64.deb ...
#13 9.517 Unpacking binutils (2.40-2) ...
#13 9.542 Selecting previously unselected package libc-dev-bin.
#13 9.543 Preparing to unpack .../011-libc-dev-bin_2.36-9+deb12u13_amd64.deb ...
#13 9.544 Unpacking libc-dev-bin (2.36-9+deb12u13) ...
#13 9.565 Selecting previously unselected package linux-libc-dev:amd64.
#13 9.567 Preparing to unpack .../012-linux-libc-dev_6.1.158-1_amd64.deb ...
#13 9.568 Unpacking linux-libc-dev:amd64 (6.1.158-1) ...
#13 9.802 Selecting previously unselected package libcrypt-dev:amd64.
#13 9.804 Preparing to unpack .../013-libcrypt-dev_1%3a4.4.33-2_amd64.deb ...
#13 9.812 Unpacking libcrypt-dev:amd64 (1:4.4.33-2) ...
#13 9.840 Selecting previously unselected package libtirpc-dev:amd64.
#13 9.842 Preparing to unpack .../014-libtirpc-dev_1.3.3+ds-1_amd64.deb ...
#13 9.843 Unpacking libtirpc-dev:amd64 (1.3.3+ds-1) ...
#13 9.879 Selecting previously unselected package libnsl-dev:amd64.
#13 9.881 Preparing to unpack .../015-libnsl-dev_1.3.0-2_amd64.deb ...
#13 9.882 Unpacking libnsl-dev:amd64 (1.3.0-2) ...
#13 9.906 Selecting previously unselected package rpcsvc-proto.
#13 9.907 Preparing to unpack .../016-rpcsvc-proto_1.4.3-1_amd64.deb ...
#13 9.909 Unpacking rpcsvc-proto (1.4.3-1) ...
#13 9.935 Selecting previously unselected package libc6-dev:amd64.
#13 9.937 Preparing to unpack .../017-libc6-dev_2.36-9+deb12u13_amd64.deb ...
#13 9.939 Unpacking libc6-dev:amd64 (2.36-9+deb12u13) ...
#13 10.15 Selecting previously unselected package libisl23:amd64.
#13 10.15 Preparing to unpack .../018-libisl23_0.25-1.1_amd64.deb ...
#13 10.15 Unpacking libisl23:amd64 (0.25-1.1) ...
#13 10.23 Selecting previously unselected package libmpfr6:amd64.
#13 10.23 Preparing to unpack .../019-libmpfr6_4.2.0-1_amd64.deb ...
#13 10.23 Unpacking libmpfr6:amd64 (4.2.0-1) ...
#13 10.28 Selecting previously unselected package libmpc3:amd64.
#13 10.28 Preparing to unpack .../020-libmpc3_1.3.1-1_amd64.deb ...
#13 10.28 Unpacking libmpc3:amd64 (1.3.1-1) ...
#13 10.31 Selecting previously unselected package cpp-12.
#13 10.31 Preparing to unpack .../021-cpp-12_12.2.0-14+deb12u1_amd64.deb ...
#13 10.31 Unpacking cpp-12 (12.2.0-14+deb12u1) ...
#13 11.02 Selecting previously unselected package cpp.
#13 11.02 Preparing to unpack .../022-cpp_4%3a12.2.0-3_amd64.deb ...
#13 11.02 Unpacking cpp (4:12.2.0-3) ...
#13 11.04 Selecting previously unselected package libcc1-0:amd64.
#13 11.04 Preparing to unpack .../023-libcc1-0_12.2.0-14+deb12u1_amd64.deb ...
#13 11.05 Unpacking libcc1-0:amd64 (12.2.0-14+deb12u1) ...
#13 11.07 Selecting previously unselected package libgomp1:amd64.
#13 11.07 Preparing to unpack .../024-libgomp1_12.2.0-14+deb12u1_amd64.deb ...
#13 11.07 Unpacking libgomp1:amd64 (12.2.0-14+deb12u1) ...
#13 11.10 Selecting previously unselected package libitm1:amd64.
#13 11.10 Preparing to unpack .../025-libitm1_12.2.0-14+deb12u1_amd64.deb ...
#13 11.10 Unpacking libitm1:amd64 (12.2.0-14+deb12u1) ...
#13 11.13 Selecting previously unselected package libatomic1:amd64.
#13 11.13 Preparing to unpack .../026-libatomic1_12.2.0-14+deb12u1_amd64.deb ...
#13 11.13 Unpacking libatomic1:amd64 (12.2.0-14+deb12u1) ...
#13 11.15 Selecting previously unselected package libasan8:amd64.
#13 11.15 Preparing to unpack .../027-libasan8_12.2.0-14+deb12u1_amd64.deb ...
#13 11.15 Unpacking libasan8:amd64 (12.2.0-14+deb12u1) ...
#13 11.36 Selecting previously unselected package liblsan0:amd64.
#13 11.37 Preparing to unpack .../028-liblsan0_12.2.0-14+deb12u1_amd64.deb ...
#13 11.37 Unpacking liblsan0:amd64 (12.2.0-14+deb12u1) ...
#13 11.47 Selecting previously unselected package libtsan2:amd64.
#13 11.47 Preparing to unpack .../029-libtsan2_12.2.0-14+deb12u1_amd64.deb ...
#13 11.47 Unpacking libtsan2:amd64 (12.2.0-14+deb12u1) ...
#13 11.68 Selecting previously unselected package libubsan1:amd64.
#13 11.68 Preparing to unpack .../030-libubsan1_12.2.0-14+deb12u1_amd64.deb ...
#13 11.68 Unpacking libubsan1:amd64 (12.2.0-14+deb12u1) ...
#13 11.78 Selecting previously unselected package libquadmath0:amd64.
#13 11.78 Preparing to unpack .../031-libquadmath0_12.2.0-14+deb12u1_amd64.deb ...
#13 11.78 Unpacking libquadmath0:amd64 (12.2.0-14+deb12u1) ...
#13 11.82 Selecting previously unselected package libgcc-12-dev:amd64.
#13 11.82 Preparing to unpack .../032-libgcc-12-dev_12.2.0-14+deb12u1_amd64.deb ...
#13 11.82 Unpacking libgcc-12-dev:amd64 (12.2.0-14+deb12u1) ...
#13 12.04 Selecting previously unselected package gcc-12.
#13 12.05 Preparing to unpack .../033-gcc-12_12.2.0-14+deb12u1_amd64.deb ...
#13 12.05 Unpacking gcc-12 (12.2.0-14+deb12u1) ...
#13 12.93 Selecting previously unselected package gcc.
#13 12.93 Preparing to unpack .../034-gcc_4%3a12.2.0-3_amd64.deb ...
#13 12.93 Unpacking gcc (4:12.2.0-3) ...
#13 12.96 Selecting previously unselected package libstdc++-12-dev:amd64.
#13 12.96 Preparing to unpack .../035-libstdc++-12-dev_12.2.0-14+deb12u1_amd64.deb ...
#13 12.96 Unpacking libstdc++-12-dev:amd64 (12.2.0-14+deb12u1) ...
#13 13.21 Selecting previously unselected package g++-12.
#13 13.22 Preparing to unpack .../036-g++-12_12.2.0-14+deb12u1_amd64.deb ...
#13 13.22 Unpacking g++-12 (12.2.0-14+deb12u1) ...
#13 13.96 Selecting previously unselected package g++.
#13 13.96 Preparing to unpack .../037-g++_4%3a12.2.0-3_amd64.deb ...
#13 13.96 Unpacking g++ (4:12.2.0-3) ...
#13 13.98 Selecting previously unselected package make.
#13 13.98 Preparing to unpack .../038-make_4.3-4.1_amd64.deb ...
#13 13.98 Unpacking make (4.3-4.1) ...
#13 14.04 Selecting previously unselected package libdpkg-perl.
#13 14.04 Preparing to unpack .../039-libdpkg-perl_1.21.22_all.deb ...
#13 14.04 Unpacking libdpkg-perl (1.21.22) ...
#13 14.11 Selecting previously unselected package patch.
#13 14.11 Preparing to unpack .../040-patch_2.7.6-7_amd64.deb ...
#13 14.11 Unpacking patch (2.7.6-7) ...
#13 14.14 Selecting previously unselected package dpkg-dev.
#13 14.14 Preparing to unpack .../041-dpkg-dev_1.21.22_all.deb ...
#13 14.14 Unpacking dpkg-dev (1.21.22) ...
#13 14.25 Selecting previously unselected package build-essential.
#13 14.26 Preparing to unpack .../042-build-essential_12.9_amd64.deb ...
#13 14.26 Unpacking build-essential (12.9) ...
#13 14.28 Selecting previously unselected package python3-pkg-resources.
#13 14.28 Preparing to unpack .../043-python3-pkg-resources_66.1.1-1+deb12u2_all.deb ...
#13 14.28 Unpacking python3-pkg-resources (66.1.1-1+deb12u2) ...
#13 14.32 Selecting previously unselected package python3-six.
#13 14.33 Preparing to unpack .../044-python3-six_1.16.0-4_all.deb ...
#13 14.33 Unpacking python3-six (1.16.0-4) ...
#13 14.35 Selecting previously unselected package gyp.
#13 14.35 Preparing to unpack .../045-gyp_0.1+20220404git9ecf45e-2_all.deb ...
#13 14.35 Unpacking gyp (0.1+20220404git9ecf45e-2) ...
#13 14.39 Selecting previously unselected package libbrotli1:amd64.
#13 14.39 Preparing to unpack .../046-libbrotli1_1.0.9-2+b6_amd64.deb ...
#13 14.39 Unpacking libbrotli1:amd64 (1.0.9-2+b6) ...
#13 14.44 Selecting previously unselected package libc-ares2:amd64.
#13 14.44 Preparing to unpack .../047-libc-ares2_1.18.1-3_amd64.deb ...
#13 14.44 Unpacking libc-ares2:amd64 (1.18.1-3) ...
#13 14.47 Selecting previously unselected package libicu72:amd64.
#13 14.47 Preparing to unpack .../048-libicu72_72.1-3+deb12u1_amd64.deb ...
#13 14.47 Unpacking libicu72:amd64 (72.1-3+deb12u1) ...
#13 15.09 Selecting previously unselected package libjs-events.
#13 15.09 Preparing to unpack .../049-libjs-events_3.3.0+~3.0.0-3_all.deb ...
#13 15.09 Unpacking libjs-events (3.3.0+~3.0.0-3) ...
#13 15.11 Selecting previously unselected package libjs-inherits.
#13 15.11 Preparing to unpack .../050-libjs-inherits_2.0.4-6_all.deb ...
#13 15.11 Unpacking libjs-inherits (2.0.4-6) ...
#13 15.13 Selecting previously unselected package libnghttp2-14:amd64.
#13 15.14 Preparing to unpack .../051-libnghttp2-14_1.52.0-1+deb12u2_amd64.deb ...
#13 15.14 Unpacking libnghttp2-14:amd64 (1.52.0-1+deb12u2) ...
#13 15.16 Selecting previously unselected package libssl-dev:amd64.
#13 15.17 Preparing to unpack .../052-libssl-dev_3.0.17-1~deb12u3_amd64.deb ...
#13 15.17 Unpacking libssl-dev:amd64 (3.0.17-1~deb12u3) ...
#13 15.40 Selecting previously unselected package libuv1:amd64.
#13 15.40 Preparing to unpack .../053-libuv1_1.44.2-1+deb12u1_amd64.deb ...
#13 15.40 Unpacking libuv1:amd64 (1.44.2-1+deb12u1) ...
#13 15.44 Selecting previously unselected package libuv1-dev:amd64.
#13 15.44 Preparing to unpack .../054-libuv1-dev_1.44.2-1+deb12u1_amd64.deb ...
#13 15.44 Unpacking libuv1-dev:amd64 (1.44.2-1+deb12u1) ...
#13 15.47 Selecting previously unselected package node-xtend.
#13 15.48 Preparing to unpack .../055-node-xtend_4.0.2-3_all.deb ...
#13 15.48 Unpacking node-xtend (4.0.2-3) ...
#13 15.50 Selecting previously unselected package nodejs.
#13 15.50 Preparing to unpack .../056-nodejs_18.20.4+dfsg-1~deb12u1_amd64.deb ...
#13 15.50 Unpacking nodejs (18.20.4+dfsg-1~deb12u1) ...
#13 15.58 Selecting previously unselected package node-acorn.
#13 15.58 Preparing to unpack .../057-node-acorn_8.8.1+ds+~cs25.17.7-2_all.deb ...
#13 15.58 Unpacking node-acorn (8.8.1+ds+~cs25.17.7-2) ...
#13 15.63 Selecting previously unselected package node-cjs-module-lexer.
#13 15.64 Preparing to unpack .../058-node-cjs-module-lexer_1.2.2+dfsg-5_all.deb ...
#13 15.64 Unpacking node-cjs-module-lexer (1.2.2+dfsg-5) ...
#13 15.66 Selecting previously unselected package node-busboy.
#13 15.66 Preparing to unpack .../059-node-busboy_1.6.0+~cs2.6.0-2_all.deb ...
#13 15.66 Unpacking node-busboy (1.6.0+~cs2.6.0-2) ...
#13 15.69 Selecting previously unselected package node-undici.
#13 15.69 Preparing to unpack .../060-node-undici_5.15.0+dfsg1+~cs20.10.9.3-1+deb12u4_all.deb ...
#13 15.70 Unpacking node-undici (5.15.0+dfsg1+~cs20.10.9.3-1+deb12u4) ...
#13 15.75 Selecting previously unselected package libnode108:amd64.
#13 15.75 Preparing to unpack .../061-libnode108_18.20.4+dfsg-1~deb12u1_amd64.deb ...
#13 15.75 Unpacking libnode108:amd64 (18.20.4+dfsg-1~deb12u1) ...
#13 16.36 Selecting previously unselected package libnode-dev.
#13 16.37 Preparing to unpack .../062-libnode-dev_18.20.4+dfsg-1~deb12u1_amd64.deb ...
#13 16.37 Unpacking libnode-dev (18.20.4+dfsg-1~deb12u1) ...
#13 16.47 Selecting previously unselected package libpkgconf3:amd64.
#13 16.47 Preparing to unpack .../063-libpkgconf3_1.8.1-1_amd64.deb ...
#13 16.48 Unpacking libpkgconf3:amd64 (1.8.1-1) ...
#13 16.50 Selecting previously unselected package node-abbrev.
#13 16.50 Preparing to unpack .../064-node-abbrev_1.1.1+~1.1.2-1_all.deb ...
#13 16.50 Unpacking node-abbrev (1.1.1+~1.1.2-1) ...
#13 16.52 Selecting previously unselected package node-ms.
#13 16.52 Preparing to unpack .../065-node-ms_2.1.3+~cs0.7.31-3_all.deb ...
#13 16.52 Unpacking node-ms (2.1.3+~cs0.7.31-3) ...
#13 16.54 Selecting previously unselected package node-debug.
#13 16.54 Preparing to unpack .../066-node-debug_4.3.4+~cs4.1.7-1_all.deb ...
#13 16.54 Unpacking node-debug (4.3.4+~cs4.1.7-1) ...
#13 16.56 Selecting previously unselected package node-yallist.
#13 16.57 Preparing to unpack .../067-node-yallist_4.0.0+~4.0.1-1_all.deb ...
#13 16.57 Unpacking node-yallist (4.0.0+~4.0.1-1) ...
#13 16.58 Selecting previously unselected package node-lru-cache.
#13 16.59 Preparing to unpack .../068-node-lru-cache_7.14.1-1_all.deb ...
#13 16.59 Unpacking node-lru-cache (7.14.1-1) ...
#13 16.61 Selecting previously unselected package node-semver.
#13 16.61 Preparing to unpack .../069-node-semver_7.3.5+~7.3.9-2_all.deb ...
#13 16.61 Unpacking node-semver (7.3.5+~7.3.9-2) ...
#13 16.65 Selecting previously unselected package node-agent-base.
#13 16.66 Preparing to unpack .../070-node-agent-base_6.0.2+~cs5.4.2-2_all.deb ...
#13 16.66 Unpacking node-agent-base (6.0.2+~cs5.4.2-2) ...
#13 16.68 Selecting previously unselected package node-ansi-regex.
#13 16.69 Preparing to unpack .../071-node-ansi-regex_5.0.1-1_all.deb ...
#13 16.69 Unpacking node-ansi-regex (5.0.1-1) ...
#13 16.71 Selecting previously unselected package node-color-name.
#13 16.71 Preparing to unpack .../072-node-color-name_1.1.4+~1.1.1-2_all.deb ...
#13 16.71 Unpacking node-color-name (1.1.4+~1.1.1-2) ...
#13 16.73 Selecting previously unselected package node-color-convert.
#13 16.74 Preparing to unpack .../073-node-color-convert_2.0.1+~cs2.0.0-2_all.deb ...
#13 16.74 Unpacking node-color-convert (2.0.1+~cs2.0.0-2) ...
#13 16.76 Selecting previously unselected package node-ansi-styles.
#13 16.76 Preparing to unpack .../074-node-ansi-styles_6.2.1-2_all.deb ...
#13 16.76 Unpacking node-ansi-styles (6.2.1-2) ...
#13 16.78 Selecting previously unselected package node-aproba.
#13 16.78 Preparing to unpack .../075-node-aproba_2.0.0-3_all.deb ...
#13 16.79 Unpacking node-aproba (2.0.0-3) ...
#13 16.80 Selecting previously unselected package node-delegates.
#13 16.81 Preparing to unpack .../076-node-delegates_1.0.0-3_all.deb ...
#13 16.81 Unpacking node-delegates (1.0.0-3) ...
#13 16.83 Selecting previously unselected package node-inherits.
#13 16.83 Preparing to unpack .../077-node-inherits_2.0.4-6_all.deb ...
#13 16.83 Unpacking node-inherits (2.0.4-6) ...
#13 16.85 Selecting previously unselected package node-core-util-is.
#13 16.85 Preparing to unpack .../078-node-core-util-is_1.0.3-1_all.deb ...
#13 16.86 Unpacking node-core-util-is (1.0.3-1) ...
#13 16.88 Selecting previously unselected package node-safe-buffer.
#13 16.88 Preparing to unpack .../079-node-safe-buffer_5.2.1+~cs2.1.2-3_all.deb ...
#13 16.88 Unpacking node-safe-buffer (5.2.1+~cs2.1.2-3) ...
#13 16.90 Selecting previously unselected package node-string-decoder.
#13 16.90 Preparing to unpack .../080-node-string-decoder_1.3.0-6_all.deb ...
#13 16.90 Unpacking node-string-decoder (1.3.0-6) ...
#13 16.92 Selecting previously unselected package node-process-nextick-args.
#13 16.93 Preparing to unpack .../081-node-process-nextick-args_2.0.1-3_all.deb ...
#13 16.93 Unpacking node-process-nextick-args (2.0.1-3) ...
#13 16.95 Selecting previously unselected package node-util-deprecate.
#13 16.95 Preparing to unpack .../082-node-util-deprecate_1.0.2-3_all.deb ...
#13 16.95 Unpacking node-util-deprecate (1.0.2-3) ...
#13 16.97 Selecting previously unselected package node-isarray.
#13 16.98 Preparing to unpack .../083-node-isarray_2.0.5-4_all.deb ...
#13 16.98 Unpacking node-isarray (2.0.5-4) ...
#13 17.01 Selecting previously unselected package node-readable-stream.
#13 17.01 Preparing to unpack .../084-node-readable-stream_3.6.0+~cs3.0.0-4_all.deb ...
#13 17.02 Unpacking node-readable-stream (3.6.0+~cs3.0.0-4) ...
#13 17.04 Selecting previously unselected package node-are-we-there-yet.
#13 17.04 Preparing to unpack .../085-node-are-we-there-yet_3.0.1+~1.1.0-1_all.deb ...
#13 17.04 Unpacking node-are-we-there-yet (3.0.1+~1.1.0-1) ...
#13 17.06 Selecting previously unselected package node-balanced-match.
#13 17.07 Preparing to unpack .../086-node-balanced-match_2.0.0-1_all.deb ...
#13 17.07 Unpacking node-balanced-match (2.0.0-1) ...
#13 17.08 Selecting previously unselected package node-brace-expansion.
#13 17.09 Preparing to unpack .../087-node-brace-expansion_2.0.1-2_all.deb ...
#13 17.09 Unpacking node-brace-expansion (2.0.1-2) ...
#13 17.11 Selecting previously unselected package node-chownr.
#13 17.11 Preparing to unpack .../088-node-chownr_2.0.0-2_all.deb ...
#13 17.11 Unpacking node-chownr (2.0.0-2) ...
#13 17.13 Selecting previously unselected package node-clone.
#13 17.13 Preparing to unpack .../089-node-clone_2.1.2-4_all.deb ...
#13 17.13 Unpacking node-clone (2.1.2-4) ...
#13 17.15 Selecting previously unselected package node-console-control-strings.
#13 17.15 Preparing to unpack .../090-node-console-control-strings_1.1.0-3_all.deb ...
#13 17.15 Unpacking node-console-control-strings (1.1.0-3) ...
#13 17.17 Selecting previously unselected package node-data-uri-to-buffer.
#13 17.17 Preparing to unpack .../091-node-data-uri-to-buffer_4.0.0-3_all.deb ...
#13 17.18 Unpacking node-data-uri-to-buffer (4.0.0-3) ...
#13 17.20 Selecting previously unselected package node-defaults.
#13 17.20 Preparing to unpack .../092-node-defaults_1.0.4+~1.0.3-1_all.deb ...
#13 17.20 Unpacking node-defaults (1.0.4+~1.0.3-1) ...
#13 17.22 Selecting previously unselected package node-iconv-lite.
#13 17.22 Preparing to unpack .../093-node-iconv-lite_0.6.3-3_all.deb ...
#13 17.22 Unpacking node-iconv-lite (0.6.3-3) ...
#13 17.26 Selecting previously unselected package node-encoding.
#13 17.26 Preparing to unpack .../094-node-encoding_0.1.13-2_all.deb ...
#13 17.26 Unpacking node-encoding (0.1.13-2) ...
#13 17.29 Selecting previously unselected package node-events.
#13 17.29 Preparing to unpack .../095-node-events_3.3.0+~3.0.0-3_all.deb ...
#13 17.29 Unpacking node-events (3.3.0+~3.0.0-3) ...
#13 17.31 Selecting previously unselected package node-time-stamp.
#13 17.31 Preparing to unpack .../096-node-time-stamp_2.2.0-2_all.deb ...
#13 17.31 Unpacking node-time-stamp (2.2.0-2) ...
#13 17.33 Selecting previously unselected package node-fancy-log.
#13 17.33 Preparing to unpack .../097-node-fancy-log_1.3.3+~cs1.3.1-2_all.deb ...
#13 17.34 Unpacking node-fancy-log (1.3.3+~cs1.3.1-2) ...
#13 17.36 Selecting previously unselected package node-fetch.
#13 17.36 Preparing to unpack .../098-node-fetch_3.3.0+~cs11.4.11-2_all.deb ...
#13 17.36 Unpacking node-fetch (3.3.0+~cs11.4.11-2) ...
#13 17.44 Selecting previously unselected package node-fs.realpath.
#13 17.44 Preparing to unpack .../099-node-fs.realpath_1.0.0-3_all.deb ...
#13 17.44 Unpacking node-fs.realpath (1.0.0-3) ...
#13 17.46 Selecting previously unselected package node-has-unicode.
#13 17.47 Preparing to unpack .../100-node-has-unicode_2.0.1-5_all.deb ...
#13 17.47 Unpacking node-has-unicode (2.0.1-5) ...
#13 17.49 Selecting previously unselected package node-signal-exit.
#13 17.49 Preparing to unpack .../101-node-signal-exit_3.0.7+~3.0.1-1_all.deb ...
#13 17.49 Unpacking node-signal-exit (3.0.7+~3.0.1-1) ...
#13 17.51 Selecting previously unselected package node-slice-ansi.
#13 17.51 Preparing to unpack .../102-node-slice-ansi_5.0.0+~cs9.0.0-5_all.deb ...
#13 17.51 Unpacking node-slice-ansi (5.0.0+~cs9.0.0-5) ...
#13 17.53 Selecting previously unselected package node-strip-ansi.
#13 17.53 Preparing to unpack .../103-node-strip-ansi_6.0.1-2_all.deb ...
#13 17.54 Unpacking node-strip-ansi (6.0.1-2) ...
#13 17.55 Selecting previously unselected package node-wcwidth.js.
#13 17.56 Preparing to unpack .../104-node-wcwidth.js_1.0.2-2_all.deb ...
#13 17.56 Unpacking node-wcwidth.js (1.0.2-2) ...
#13 17.58 Selecting previously unselected package node-string-width.
#13 17.58 Preparing to unpack .../105-node-string-width_4.2.3+~cs13.2.3-1_all.deb ...
#13 17.58 Unpacking node-string-width (4.2.3+~cs13.2.3-1) ...
#13 17.61 Selecting previously unselected package node-wide-align.
#13 17.61 Preparing to unpack .../106-node-wide-align_1.1.3-4_all.deb ...
#13 17.61 Unpacking node-wide-align (1.1.3-4) ...
#13 17.63 Selecting previously unselected package node-gauge.
#13 17.63 Preparing to unpack .../107-node-gauge_4.0.4-1_all.deb ...
#13 17.63 Unpacking node-gauge (4.0.4-1) ...
#13 17.65 Selecting previously unselected package node-wrappy.
#13 17.65 Preparing to unpack .../108-node-wrappy_1.0.2-3_all.deb ...
#13 17.65 Unpacking node-wrappy (1.0.2-3) ...
#13 17.67 Selecting previously unselected package node-once.
#13 17.68 Preparing to unpack .../109-node-once_1.4.0-7_all.deb ...
#13 17.68 Unpacking node-once (1.4.0-7) ...
#13 17.70 Selecting previously unselected package node-inflight.
#13 17.70 Preparing to unpack .../110-node-inflight_1.0.6-2_all.deb ...
#13 17.70 Unpacking node-inflight (1.0.6-2) ...
#13 17.72 Selecting previously unselected package node-minimatch.
#13 17.72 Preparing to unpack .../111-node-minimatch_5.1.1+~5.1.2-1_all.deb ...
#13 17.72 Unpacking node-minimatch (5.1.1+~5.1.2-1) ...
#13 17.74 Selecting previously unselected package node-glob.
#13 17.75 Preparing to unpack .../112-node-glob_8.0.3+~cs8.4.15-1_all.deb ...
#13 17.75 Unpacking node-glob (8.0.3+~cs8.4.15-1) ...
#13 17.78 Selecting previously unselected package node-graceful-fs.
#13 17.78 Preparing to unpack .../113-node-graceful-fs_4.2.10-1_all.deb ...
#13 17.78 Unpacking node-graceful-fs (4.2.10-1) ...
#13 17.81 Selecting previously unselected package node-https-proxy-agent.
#13 17.81 Preparing to unpack .../114-node-https-proxy-agent_5.0.1+~cs8.0.0-3_all.deb ...
#13 17.81 Unpacking node-https-proxy-agent (5.0.1+~cs8.0.0-3) ...
#13 17.84 Selecting previously unselected package node-mkdirp.
#13 17.84 Preparing to unpack .../115-node-mkdirp_1.0.4+~1.0.2-4_all.deb ...
#13 17.84 Unpacking node-mkdirp (1.0.4+~1.0.2-4) ...
#13 17.86 Selecting previously unselected package node-nopt.
#13 17.86 Preparing to unpack .../116-node-nopt_5.0.0-4_all.deb ...
#13 17.87 Unpacking node-nopt (5.0.0-4) ...
#13 17.89 Selecting previously unselected package node-set-blocking.
#13 17.89 Preparing to unpack .../117-node-set-blocking_2.0.0-2_all.deb ...
#13 17.89 Unpacking node-set-blocking (2.0.0-2) ...
#13 17.91 Selecting previously unselected package node-npmlog.
#13 17.91 Preparing to unpack .../118-node-npmlog_7.0.1+~4.1.4-1_all.deb ...
#13 17.91 Unpacking node-npmlog (7.0.1+~4.1.4-1) ...
#13 17.93 Selecting previously unselected package node-osenv.
#13 17.94 Preparing to unpack .../119-node-osenv_0.1.5+~0.1.1-1_all.deb ...
#13 17.94 Unpacking node-osenv (0.1.5+~0.1.1-1) ...
#13 17.96 Selecting previously unselected package node-rimraf.
#13 17.96 Preparing to unpack .../120-node-rimraf_3.0.2-2_all.deb ...
#13 17.96 Unpacking node-rimraf (3.0.2-2) ...
#13 17.98 Selecting previously unselected package node-jsonparse.
#13 17.99 Preparing to unpack .../121-node-jsonparse_1.3.1-10_all.deb ...
#13 17.99 Unpacking node-jsonparse (1.3.1-10) ...
#13 18.01 Selecting previously unselected package node-minipass.
#13 18.01 Preparing to unpack .../122-node-minipass_3.3.6+~cs9.4.19-1+deb12u1_all.deb ...
#13 18.01 Unpacking node-minipass (3.3.6+~cs9.4.19-1+deb12u1) ...
#13 18.04 Selecting previously unselected package node-tar.
#13 18.05 Preparing to unpack .../123-node-tar_6.1.13+~cs7.0.5-1_all.deb ...
#13 18.05 Unpacking node-tar (6.1.13+~cs7.0.5-1) ...
#13 18.08 Selecting previously unselected package node-isexe.
#13 18.08 Preparing to unpack .../124-node-isexe_2.0.0+~2.0.1-5_all.deb ...
#13 18.08 Unpacking node-isexe (2.0.0+~2.0.1-5) ...
#13 18.10 Selecting previously unselected package node-which.
#13 18.10 Preparing to unpack .../125-node-which_2.0.2+~cs1.3.2-3_all.deb ...
#13 18.11 Unpacking node-which (2.0.2+~cs1.3.2-3) ...
#13 18.13 Selecting previously unselected package node-gyp.
#13 18.13 Preparing to unpack .../126-node-gyp_9.3.0-2_all.deb ...
#13 18.13 Unpacking node-gyp (9.3.0-2) ...
#13 18.16 Selecting previously unselected package pkgconf-bin.
#13 18.16 Preparing to unpack .../127-pkgconf-bin_1.8.1-1_amd64.deb ...
#13 18.16 Unpacking pkgconf-bin (1.8.1-1) ...
#13 18.18 Selecting previously unselected package pkgconf:amd64.
#13 18.19 Preparing to unpack .../128-pkgconf_1.8.1-1_amd64.deb ...
#13 18.19 Unpacking pkgconf:amd64 (1.8.1-1) ...
#13 18.21 Selecting previously unselected package pkg-config:amd64.
#13 18.21 Preparing to unpack .../129-pkg-config_1.8.1-1_amd64.deb ...
#13 18.22 Unpacking pkg-config:amd64 (1.8.1-1) ...
#13 18.24 Selecting previously unselected package python-is-python3.
#13 18.24 Preparing to unpack .../130-python-is-python3_3.11.2-1+deb12u1_all.deb ...
#13 18.24 Unpacking python-is-python3 (3.11.2-1+deb12u1) ...
#13 18.28 Setting up media-types (10.0.0) ...
#13 18.29 Setting up node-fs.realpath (1.0.0-3) ...
#13 18.29 Setting up libkeyutils1:amd64 (1.6.3-2) ...
#13 18.29 Setting up node-abbrev (1.1.1+~1.1.2-1) ...
#13 18.29 Setting up libicu72:amd64 (72.1-3+deb12u1) ...
#13 18.29 Setting up node-yallist (4.0.0+~4.0.1-1) ...
#13 18.30 Setting up libjs-inherits (2.0.4-6) ...
#13 18.30 Setting up node-ansi-regex (5.0.1-1) ...
#13 18.30 Setting up node-util-deprecate (1.0.2-3) ...
#13 18.31 Setting up node-delegates (1.0.0-3) ...
#13 18.31 Setting up libtirpc-common (1.3.3+ds-1) ...
#13 18.31 Setting up node-isexe (2.0.0+~2.0.1-5) ...
#13 18.31 Setting up libbrotli1:amd64 (1.0.9-2+b6) ...
#13 18.32 Setting up node-jsonparse (1.3.1-10) ...
#13 18.32 Setting up libsqlite3-0:amd64 (3.40.1-2+deb12u2) ...
#13 18.32 Setting up binutils-common:amd64 (2.40-2) ...
#13 18.33 Setting up libnghttp2-14:amd64 (1.52.0-1+deb12u2) ...
#13 18.33 Setting up linux-libc-dev:amd64 (6.1.158-1) ...
#13 18.33 Setting up libctf-nobfd0:amd64 (2.40-2) ...
#13 18.33 Setting up node-color-name (1.1.4+~1.1.1-2) ...
#13 18.33 Setting up node-cjs-module-lexer (1.2.2+dfsg-5) ...
#13 18.34 Setting up node-console-control-strings (1.1.0-3) ...
#13 18.34 Setting up libc-ares2:amd64 (1.18.1-3) ...
#13 18.34 Setting up libgomp1:amd64 (12.2.0-14+deb12u1) ...
#13 18.34 Setting up bzip2 (1.0.8-5+b1) ...
#13 18.35 Setting up libjansson4:amd64 (2.14-2) ...
#13 18.35 Setting up node-clone (2.1.2-4) ...
#13 18.35 Setting up libkrb5support0:amd64 (1.20.1-2+deb12u4) ...
#13 18.36 Setting up node-chownr (2.0.0-2) ...
#13 18.36 Setting up node-inherits (2.0.4-6) ...
#13 18.36 Setting up perl-modules-5.36 (5.36.0-7+deb12u3) ...
#13 18.36 Setting up node-safe-buffer (5.2.1+~cs2.1.2-3) ...
#13 18.37 Setting up libpkgconf3:amd64 (1.8.1-1) ...
#13 18.37 Setting up libuv1:amd64 (1.44.2-1+deb12u1) ...
#13 18.37 Setting up rpcsvc-proto (1.4.3-1) ...
#13 18.38 Setting up make (4.3-4.1) ...
#13 18.38 Setting up libmpfr6:amd64 (4.2.0-1) ...
#13 18.38 Setting up node-balanced-match (2.0.0-1) ...
#13 18.39 Setting up node-brace-expansion (2.0.1-2) ...
#13 18.39 Setting up xz-utils (5.4.1-1) ...
#13 18.39 update-alternatives: using /usr/bin/xz to provide /usr/bin/lzma (lzma) in auto mode
#13 18.40 update-alternatives: warning: skip creation of /usr/share/man/man1/lzma.1.gz because associated file /usr/share/man/man1/xz.1.gz (of link group lzma) doesn't exist
#13 18.40 update-alternatives: warning: skip creation of /usr/share/man/man1/unlzma.1.gz because associated file /usr/share/man/man1/unxz.1.gz (of link group lzma) doesn't exist
#13 18.40 update-alternatives: warning: skip creation of /usr/share/man/man1/lzcat.1.gz because associated file /usr/share/man/man1/xzcat.1.gz (of link group lzma) doesn't exist
#13 18.40 update-alternatives: warning: skip creation of /usr/share/man/man1/lzmore.1.gz because associated file /usr/share/man/man1/xzmore.1.gz (of link group lzma) doesn't exist
#13 18.40 update-alternatives: warning: skip creation of /usr/share/man/man1/lzless.1.gz because associated file /usr/share/man/man1/xzless.1.gz (of link group lzma) doesn't exist
#13 18.40 update-alternatives: warning: skip creation of /usr/share/man/man1/lzdiff.1.gz because associated file /usr/share/man/man1/xzdiff.1.gz (of link group lzma) doesn't exist
#13 18.40 update-alternatives: warning: skip creation of /usr/share/man/man1/lzcmp.1.gz because associated file /usr/share/man/man1/xzcmp.1.gz (of link group lzma) doesn't exist
#13 18.40 update-alternatives: warning: skip creation of /usr/share/man/man1/lzgrep.1.gz because associated file /usr/share/man/man1/xzgrep.1.gz (of link group lzma) doesn't exist
#13 18.40 update-alternatives: warning: skip creation of /usr/share/man/man1/lzegrep.1.gz because associated file /usr/share/man/man1/xzegrep.1.gz (of link group lzma) doesn't exist
#13 18.40 update-alternatives: warning: skip creation of /usr/share/man/man1/lzfgrep.1.gz because associated file /usr/share/man/man1/xzfgrep.1.gz (of link group lzma) doesn't exist
#13 18.40 Setting up libquadmath0:amd64 (12.2.0-14+deb12u1) ...
#13 18.40 Setting up node-set-blocking (2.0.0-2) ...
#13 18.41 Setting up libssl-dev:amd64 (3.0.17-1~deb12u3) ...
#13 18.41 Setting up libmpc3:amd64 (1.3.1-1) ...
#13 18.41 Setting up libatomic1:amd64 (12.2.0-14+deb12u1) ...
#13 18.41 Setting up patch (2.7.6-7) ...
#13 18.42 Setting up node-signal-exit (3.0.7+~3.0.1-1) ...
#13 18.42 Setting up pkgconf-bin (1.8.1-1) ...
#13 18.42 Setting up libncursesw6:amd64 (6.4-4) ...
#13 18.43 Setting up libk5crypto3:amd64 (1.20.1-2+deb12u4) ...
#13 18.43 Setting up node-wrappy (1.0.2-3) ...
#13 18.43 Setting up libubsan1:amd64 (12.2.0-14+deb12u1) ...
#13 18.43 Setting up node-defaults (1.0.4+~1.0.3-1) ...
#13 18.44 Setting up node-graceful-fs (4.2.10-1) ...
#13 18.44 Setting up libcrypt-dev:amd64 (1:4.4.33-2) ...
#13 18.45 Setting up libasan8:amd64 (12.2.0-14+deb12u1) ...
#13 18.45 Setting up node-aproba (2.0.0-3) ...
#13 18.45 Setting up node-string-decoder (1.3.0-6) ...
#13 18.46 Setting up node-time-stamp (2.2.0-2) ...
#13 18.46 Setting up libjs-events (3.3.0+~3.0.0-3) ...
#13 18.46 Setting up libkrb5-3:amd64 (1.20.1-2+deb12u4) ...
#13 18.46 Setting up node-core-util-is (1.0.3-1) ...
#13 18.47 Setting up node-minimatch (5.1.1+~5.1.2-1) ...
#13 18.47 Setting up libtsan2:amd64 (12.2.0-14+deb12u1) ...
#13 18.47 Setting up libbinutils:amd64 (2.40-2) ...
#13 18.47 Setting up node-xtend (4.0.2-3) ...
#13 18.48 Setting up libisl23:amd64 (0.25-1.1) ...
#13 18.48 Setting up libc-dev-bin (2.36-9+deb12u13) ...
#13 18.48 Setting up readline-common (8.2-1.3) ...
#13 18.49 Setting up node-color-convert (2.0.1+~cs2.0.0-2) ...
#13 18.49 Setting up libcc1-0:amd64 (12.2.0-14+deb12u1) ...
#13 18.49 Setting up node-data-uri-to-buffer (4.0.0-3) ...
#13 18.50 Setting up liblsan0:amd64 (12.2.0-14+deb12u1) ...
#13 18.50 Setting up libitm1:amd64 (12.2.0-14+deb12u1) ...
#13 18.50 Setting up node-isarray (2.0.5-4) ...
#13 18.51 Setting up node-osenv (0.1.5+~0.1.1-1) ...
#13 18.51 Setting up libgdbm6:amd64 (1.23-3) ...
#13 18.51 Setting up node-process-nextick-args (2.0.1-3) ...
#13 18.51 Setting up node-has-unicode (2.0.1-5) ...
#13 18.52 Setting up node-busboy (1.6.0+~cs2.6.0-2) ...
#13 18.52 Setting up libctf0:amd64 (2.40-2) ...
#13 18.52 Setting up libuv1-dev:amd64 (1.44.2-1+deb12u1) ...
#13 18.52 Setting up node-readable-stream (3.6.0+~cs3.0.0-4) ...
#13 18.54 Setting up node-lru-cache (7.14.1-1) ...
#13 18.54 Setting up cpp-12 (12.2.0-14+deb12u1) ...
#13 18.55 Setting up node-once (1.4.0-7) ...
#13 18.55 Setting up libreadline8:amd64 (8.2-1.3) ...
#13 18.55 Setting up node-are-we-there-yet (3.0.1+~1.1.0-1) ...
#13 18.56 Setting up node-events (3.3.0+~3.0.0-3) ...
#13 18.56 Setting up node-fancy-log (1.3.3+~cs1.3.1-2) ...
#13 18.56 Setting up pkgconf:amd64 (1.8.1-1) ...
#13 18.56 Setting up node-wcwidth.js (1.0.2-2) ...
#13 18.57 Setting up node-fetch (3.3.0+~cs11.4.11-2) ...
#13 18.57 Setting up node-iconv-lite (0.6.3-3) ...
#13 18.57 Setting up libgprofng0:amd64 (2.40-2) ...
#13 18.57 Setting up node-ansi-styles (6.2.1-2) ...
#13 18.57 Setting up libgcc-12-dev:amd64 (12.2.0-14+deb12u1) ...
#13 18.58 Setting up libgssapi-krb5-2:amd64 (1.20.1-2+deb12u4) ...
#13 18.58 Setting up pkg-config:amd64 (1.8.1-1) ...
#13 18.58 Setting up libgdbm-compat4:amd64 (1.23-3) ...
#13 18.58 Setting up node-undici (5.15.0+dfsg1+~cs20.10.9.3-1+deb12u4) ...
#13 18.59 Setting up node-inflight (1.0.6-2) ...
#13 18.60 Setting up cpp (4:12.2.0-3) ...
#13 18.60 Setting up node-encoding (0.1.13-2) ...
#13 18.61 Setting up libperl5.36:amd64 (5.36.0-7+deb12u3) ...
#13 18.61 Setting up node-slice-ansi (5.0.0+~cs9.0.0-5) ...
#13 18.61 Setting up binutils-x86-64-linux-gnu (2.40-2) ...
#13 18.61 Setting up libtirpc3:amd64 (1.3.3+ds-1) ...
#13 18.62 Setting up binutils (2.40-2) ...
#13 18.62 Setting up perl (5.36.0-7+deb12u3) ...
#13 18.63 Setting up libtirpc-dev:amd64 (1.3.3+ds-1) ...
#13 18.63 Setting up node-glob (8.0.3+~cs8.4.15-1) ...
#13 18.64 Setting up gcc-12 (12.2.0-14+deb12u1) ...
#13 18.64 Setting up libdpkg-perl (1.21.22) ...
#13 18.64 Setting up node-minipass (3.3.6+~cs9.4.19-1+deb12u1) ...
#13 18.64 Setting up libnsl2:amd64 (1.3.0-2) ...
#13 18.65 Setting up libpython3.11-stdlib:amd64 (3.11.2-6+deb12u6) ...
#13 18.65 Setting up gcc (4:12.2.0-3) ...
#13 18.66 Setting up dpkg-dev (1.21.22) ...
#13 18.66 Setting up libnsl-dev:amd64 (1.3.0-2) ...
#13 18.67 Setting up libc6-dev:amd64 (2.36-9+deb12u13) ...
#13 18.67 Setting up libpython3-stdlib:amd64 (3.11.2-1+b1) ...
#13 18.67 Setting up python3.11 (3.11.2-6+deb12u6) ...
#13 19.44 Setting up libstdc++-12-dev:amd64 (12.2.0-14+deb12u1) ...
#13 19.44 Setting up python3 (3.11.2-1+b1) ...
#13 19.45 running python rtupdate hooks for python3.11...
#13 19.45 running python post-rtupdate hooks for python3.11...
#13 19.54 Setting up python3-six (1.16.0-4) ...
#13 19.67 Setting up python-is-python3 (3.11.2-1+deb12u1) ...
#13 19.67 Setting up g++-12 (12.2.0-14+deb12u1) ...
#13 19.67 Setting up python3-pkg-resources (66.1.1-1+deb12u2) ...
#13 19.94 Setting up g++ (4:12.2.0-3) ...
#13 19.94 update-alternatives: using /usr/bin/g++ to provide /usr/bin/c++ (c++) in auto mode
#13 19.95 Setting up build-essential (12.9) ...
#13 19.95 Setting up gyp (0.1+20220404git9ecf45e-2) ...
#13 20.26 Setting up node-acorn (8.8.1+ds+~cs25.17.7-2) ...
#13 20.26 Setting up libnode108:amd64 (18.20.4+dfsg-1~deb12u1) ...
#13 20.27 Setting up nodejs (18.20.4+dfsg-1~deb12u1) ...
#13 20.27 update-alternatives: using /usr/bin/nodejs to provide /usr/bin/js (js) in auto mode
#13 20.27 update-alternatives: warning: skip creation of /usr/share/man/man1/js.1.gz because associated file /usr/share/man/man1/nodejs.1.gz (of link group js) doesn't exist
#13 20.27 Setting up node-strip-ansi (6.0.1-2) ...
#13 20.28 Setting up node-which (2.0.2+~cs1.3.2-3) ...
#13 20.28 Setting up node-mkdirp (1.0.4+~1.0.2-4) ...
#13 20.28 Setting up node-nopt (5.0.0-4) ...
#13 20.28 Setting up node-ms (2.1.3+~cs0.7.31-3) ...
#13 20.29 Setting up node-rimraf (3.0.2-2) ...
#13 20.29 Setting up node-string-width (4.2.3+~cs13.2.3-1) ...
#13 20.29 Setting up node-semver (7.3.5+~7.3.9-2) ...
#13 20.30 Setting up libnode-dev (18.20.4+dfsg-1~deb12u1) ...
#13 20.30 Setting up node-debug (4.3.4+~cs4.1.7-1) ...
#13 20.31 Setting up node-agent-base (6.0.2+~cs5.4.2-2) ...
#13 20.31 Setting up node-tar (6.1.13+~cs7.0.5-1) ...
#13 20.31 Setting up node-wide-align (1.1.3-4) ...
#13 20.32 Setting up node-https-proxy-agent (5.0.1+~cs8.0.0-3) ...
#13 20.32 Setting up node-gauge (4.0.4-1) ...
#13 20.32 Setting up node-npmlog (7.0.1+~4.1.4-1) ...
#13 20.33 Setting up node-gyp (9.3.0-2) ...
#13 20.33 Processing triggers for libc-bin (2.36-9+deb12u13) ...
#13 DONE 24.9s

#14 [build 2/6] COPY .npmrc package.json pnpm-lock.yaml ./
#14 DONE 0.1s

#15 [build 3/6] RUN pnpm install --frozen-lockfile --prod=false
#15 2.436 Lockfile is up to date, resolution step is skipped
#15 2.512 Progress: resolved 1, reused 0, downloaded 0, added 0
#15 2.618 Packages: +582
#15 2.618 ++++++++++++++++++++++++++++++++++++++++++++++++++++++++++++++++++++++++++++++++
#15 3.532 Progress: resolved 582, reused 0, downloaded 198, added 193
#15 4.531 Progress: resolved 582, reused 0, downloaded 440, added 438
#15 5.532 Progress: resolved 582, reused 0, downloaded 579, added 579
#15 5.939 Progress: resolved 582, reused 0, downloaded 581, added 582, done
#15 6.359 
#15 6.359 dependencies:
#15 6.359 + @supabase/supabase-js 2.87.1
#15 6.359 + @vercel/node 3.2.29
#15 6.359 + dotenv 17.2.1
#15 6.359 + express 5.1.0
#15 6.359 + zod 3.25.76
#15 6.359 
#15 6.359 devDependencies:
#15 6.359 + @hookform/resolvers 5.2.1
#15 6.359 + @radix-ui/react-accordion 1.2.11
#15 6.359 + @radix-ui/react-alert-dialog 1.1.14
#15 6.359 + @radix-ui/react-aspect-ratio 1.1.7
#15 6.359 + @radix-ui/react-avatar 1.1.10
#15 6.359 + @radix-ui/react-checkbox 1.3.2
#15 6.359 + @radix-ui/react-collapsible 1.1.11
#15 6.359 + @radix-ui/react-context-menu 2.2.15
#15 6.359 + @radix-ui/react-dialog 1.1.14
#15 6.359 + @radix-ui/react-dropdown-menu 2.1.15
#15 6.359 + @radix-ui/react-hover-card 1.1.14
#15 6.359 + @radix-ui/react-label 2.1.7
#15 6.359 + @radix-ui/react-menubar 1.1.15
#15 6.359 + @radix-ui/react-navigation-menu 1.2.13
#15 6.359 + @radix-ui/react-popover 1.1.14
#15 6.359 + @radix-ui/react-progress 1.1.7
#15 6.359 + @radix-ui/react-radio-group 1.3.7
#15 6.359 + @radix-ui/react-scroll-area 1.2.9
#15 6.359 + @radix-ui/react-select 2.2.5
#15 6.359 + @radix-ui/react-separator 1.1.7
#15 6.359 + @radix-ui/react-slider 1.3.5
#15 6.359 + @radix-ui/react-slot 1.2.3
#15 6.359 + @radix-ui/react-switch 1.2.5
#15 6.359 + @radix-ui/react-tabs 1.1.12
#15 6.359 + @radix-ui/react-toast 1.2.14
#15 6.359 + @radix-ui/react-toggle 1.1.9
#15 6.359 + @radix-ui/react-toggle-group 1.1.10
#15 6.359 + @radix-ui/react-tooltip 1.2.7
#15 6.359 + @react-three/drei 9.122.0
#15 6.359 + @react-three/fiber 8.18.0
#15 6.359 + @swc/core 1.13.3
#15 6.359 + @tailwindcss/typography 0.5.16
#15 6.359 + @tanstack/react-query 5.84.2
#15 6.359 + @types/cors 2.8.19
#15 6.359 + @types/express 5.0.3
#15 6.359 + @types/node 24.2.1
#15 6.359 + @types/react 18.3.23
#15 6.359 + @types/react-dom 18.3.7
#15 6.359 + @types/three 0.176.0
#15 6.359 + @vitejs/plugin-react-swc 4.0.0
#15 6.359 + autoprefixer 10.4.21
#15 6.359 + class-variance-authority 0.7.1
#15 6.359 + clsx 2.1.1
#15 6.359 + cmdk 1.1.1
#15 6.359 + cors 2.8.5
#15 6.359 + date-fns 4.1.0
#15 6.359 + embla-carousel-react 8.6.0
#15 6.359 + framer-motion 12.23.12
#15 6.359 + globals 16.3.0
#15 6.359 + input-otp 1.4.2
#15 6.359 + lucide-react 0.539.0
#15 6.359 + next-themes 0.4.6
#15 6.359 + postcss 8.5.6
#15 6.359 + prettier 3.6.2
#15 6.359 + react 18.3.1
#15 6.359 + react-day-picker 9.8.1
#15 6.359 + react-dom 18.3.1
#15 6.359 + react-hook-form 7.62.0
#15 6.359 + react-resizable-panels 3.0.4
#15 6.359 + react-router-dom 6.30.1
#15 6.359 + recharts 2.15.4
#15 6.359 + serverless-http 3.2.0
#15 6.359 + sonner 1.7.4
#15 6.359 + tailwind-merge 2.6.0
#15 6.359 + tailwindcss 3.4.17
#15 6.359 + tailwindcss-animate 1.0.7
#15 6.359 + three 0.176.0
#15 6.359 + tsx 4.20.3
#15 6.359 + typescript 5.9.2
#15 6.359 + vaul 1.1.2
#15 6.359 + vite 7.1.2
#15 6.359 + vitest 3.2.4
#15 6.359 
#15 6.359  Warning 
#15 6.359                                                                               
#15 6.359    Ignored build scripts: @swc/core, esbuild.                                 
#15 6.359    Run "pnpm approve-builds" to pick which dependencies should be allowed     
#15 6.359    to run scripts.                                                            
#15 6.359                                                                               
#15 6.359 
#15 6.359 
#15 6.434 Done in 4.5s using pnpm v10.14.0
#15 DONE 13.1s

#16 [build 4/6] COPY . .
#16 DONE 0.8s

#17 [build 5/6] RUN pnpm run build
#17 0.782 
#17 0.782 > fusion-starter@ build /app
#17 0.782 > npm run build:client && npm run build:server
#17 0.782 
#17 0.919 
#17 0.919 > build:client
#17 0.919 > vite build
#17 0.919 
#17 1.162  [ERROR] Could not resolve "./server"
#17 1.162 
#17 1.162     vite.config.ts:4:29:
#17 1.162       4  import { createServer } from "./server";
#17 1.162                                       ~~~~~~~~~~
#17 1.162 
#17 1.163 failed to load config from /app/vite.config.ts
#17 1.164 error during build:
#17 1.164 Error: Build failed with 1 error:
#17 1.164 vite.config.ts:4:29: ERROR: Could not resolve "./server"
#17 1.164     at failureErrorWithLog (/app/node_modules/.pnpm/esbuild@0.25.8/node_modules/esbuild/lib/main.js:1467:15)
#17 1.164     at /app/node_modules/.pnpm/esbuild@0.25.8/node_modules/esbuild/lib/main.js:926:25
#17 1.164     at runOnEndCallbacks (/app/node_modules/.pnpm/esbuild@0.25.8/node_modules/esbuild/lib/main.js:1307:45)
#17 1.164     at buildResponseToResult (/app/node_modules/.pnpm/esbuild@0.25.8/node_modules/esbuild/lib/main.js:924:7)
#17 1.164     at /app/node_modules/.pnpm/esbuild@0.25.8/node_modules/esbuild/lib/main.js:951:16
#17 1.164     at responseCallbacks.<computed> (/app/node_modules/.pnpm/esbuild@0.25.8/node_modules/esbuild/lib/main.js:603:9)
#17 1.164     at handleIncomingPacket (/app/node_modules/.pnpm/esbuild@0.25.8/node_modules/esbuild/lib/main.js:658:12)
#17 1.164     at Socket.readFromStdout (/app/node_modules/.pnpm/esbuild@0.25.8/node_modules/esbuild/lib/main.js:581:7)
#17 1.164     at Socket.emit (node:events:519:28)
#17 1.164     at addChunk (node:internal/streams/readable:561:12)
#17 1.203 ELIFECYCLE Command failed with exit code 1.
#17 ERROR: process "/bin/sh -c pnpm run build" did not complete successfully: exit code: 1
npm run build failed
------
 > [build 5/6] RUN pnpm run build:
1.164     at /app/node_modules/.pnpm/esbuild@0.25.8/node_modules/esbuild/lib/main.js:926:25
1.164     at runOnEndCallbacks (/app/node_modules/.pnpm/esbuild@0.25.8/node_modules/esbuild/lib/main.js:1307:45)
1.164     at buildResponseToResult (/app/node_modules/.pnpm/esbuild@0.25.8/node_modules/esbuild/lib/main.js:924:7)
1.164     at /app/node_modules/.pnpm/esbuild@0.25.8/node_modules/esbuild/lib/main.js:951:16
1.164     at responseCallbacks.<computed> (/app/node_modules/.pnpm/esbuild@0.25.8/node_modules/esbuild/lib/main.js:603:9)
1.164     at handleIncomingPacket (/app/node_modules/.pnpm/esbuild@0.25.8/node_modules/esbuild/lib/main.js:658:12)
1.164     at Socket.readFromStdout (/app/node_modules/.pnpm/esbuild@0.25.8/node_modules/esbuild/lib/main.js:581:7)
1.164     at Socket.emit (node:events:519:28)
1.164     at addChunk (node:internal/streams/readable:561:12)
1.203 ELIFECYCLE Command failed with exit code 1.
------
==> Building image
Waiting for depot builder...

==> Building image with Depot
--> build:  ()
#1 [internal] load build definition from Dockerfile
#1 DONE 0.0s

#1 [internal] load build definition from Dockerfile
#1 transferring dockerfile: 1.11kB done
#1 DONE 0.0s

#2 resolve image config for docker-image://docker.io/docker/dockerfile:1
#2 DONE 0.2s

#1 [internal] load build definition from Dockerfile
#1 transferring dockerfile: 1.11kB done
#1 DONE 0.0s

#3 docker-image://docker.io/docker/dockerfile:1@sha256:b6afd42430b15f2d2a4c5a02b919e98a525b785b1aaff16747d2f623364e39b6
#3 resolve docker.io/docker/dockerfile:1@sha256:b6afd42430b15f2d2a4c5a02b919e98a525b785b1aaff16747d2f623364e39b6 done
#3 CACHED

#4 [internal] load build definition from Dockerfile
#4 Deduplicating step ID [internal] load build definition from Dockerfile, another build is calculating it done
#4 DONE 0.0s

#5 [internal] load metadata for docker.io/library/nginx:latest
#5 ...

#6 [internal] load metadata for docker.io/library/node:22.21.1-slim
#6 DONE 0.2s

#5 [internal] load metadata for docker.io/library/nginx:latest
#5 DONE 0.2s

#7 [internal] load .dockerignore
#7 transferring context: 799B done
#7 DONE 0.0s

#8 [base 1/3] FROM docker.io/library/node:22.21.1-slim@sha256:773413f36941ce1e4baf74b4a6110c03dcc4f968daffc389d4caef3f01412d2a
#8 resolve docker.io/library/node:22.21.1-slim@sha256:773413f36941ce1e4baf74b4a6110c03dcc4f968daffc389d4caef3f01412d2a done
#8 DONE 0.0s

#9 [stage-2 1/2] FROM docker.io/library/nginx:latest@sha256:fb01117203ff38c2f9af91db1a7409459182a37c87cced5cb442d1d8fcc66d19
#9 resolve docker.io/library/nginx:latest@sha256:fb01117203ff38c2f9af91db1a7409459182a37c87cced5cb442d1d8fcc66d19 done
#9 CACHED

#10 [internal] load build context
#10 transferring context: 4.52kB done
#10 DONE 0.0s

#11 [build 3/6] RUN pnpm install --frozen-lockfile --prod=false
#11 CACHED

#12 [base 2/3] WORKDIR /app
#12 CACHED

#13 [base 3/3] RUN npm install -g pnpm@latest
#13 CACHED

#14 [build 1/6] RUN apt-get update -qq &&     apt-get install --no-install-recommends -y build-essential node-gyp pkg-config python-is-python3
#14 CACHED

#15 [build 2/6] COPY .npmrc package.json pnpm-lock.yaml ./
#15 CACHED

#16 [build 4/6] COPY . .
#16 CACHED

#17 [build 5/6] RUN pnpm run build
#17 0.855 
#17 0.855 > fusion-starter@ build /app
#17 0.855 > npm run build:client && npm run build:server
#17 0.855 
#17 0.994 
#17 0.994 > build:client
#17 0.994 > vite build
#17 0.994 
#17 1.232  [ERROR] Could not resolve "./server"
#17 1.232 
#17 1.232     vite.config.ts:4:29:
#17 1.232       4  import { createServer } from "./server";
#17 1.232                                       ~~~~~~~~~~
#17 1.232 
#17 1.234 failed to load config from /app/vite.config.ts
#17 1.234 error during build:
#17 1.234 Error: Build failed with 1 error:
#17 1.234 vite.config.ts:4:29: ERROR: Could not resolve "./server"
#17 1.234     at failureErrorWithLog (/app/node_modules/.pnpm/esbuild@0.25.8/node_modules/esbuild/lib/main.js:1467:15)
#17 1.234     at /app/node_modules/.pnpm/esbuild@0.25.8/node_modules/esbuild/lib/main.js:926:25
#17 1.234     at runOnEndCallbacks (/app/node_modules/.pnpm/esbuild@0.25.8/node_modules/esbuild/lib/main.js:1307:45)
#17 1.234     at buildResponseToResult (/app/node_modules/.pnpm/esbuild@0.25.8/node_modules/esbuild/lib/main.js:924:7)
#17 1.234     at /app/node_modules/.pnpm/esbuild@0.25.8/node_modules/esbuild/lib/main.js:951:16
#17 1.234     at responseCallbacks.<computed> (/app/node_modules/.pnpm/esbuild@0.25.8/node_modules/esbuild/lib/main.js:603:9)
#17 1.234     at handleIncomingPacket (/app/node_modules/.pnpm/esbuild@0.25.8/node_modules/esbuild/lib/main.js:658:12)
#17 1.234     at Socket.readFromStdout (/app/node_modules/.pnpm/esbuild@0.25.8/node_modules/esbuild/lib/main.js:581:7)
#17 1.234     at Socket.emit (node:events:519:28)
#17 1.234     at addChunk (node:internal/streams/readable:561:12)
#17 1.277 ELIFECYCLE Command failed with exit code 1.
#17 ERROR: process "/bin/sh -c pnpm run build" did not complete successfully: exit code: 1
npm run build failed
------
 > [build 5/6] RUN pnpm run build:
1.234     at /app/node_modules/.pnpm/esbuild@0.25.8/node_modules/esbuild/lib/main.js:926:25
1.234     at runOnEndCallbacks (/app/node_modules/.pnpm/esbuild@0.25.8/node_modules/esbuild/lib/main.js:1307:45)
1.234     at buildResponseToResult (/app/node_modules/.pnpm/esbuild@0.25.8/node_modules/esbuild/lib/main.js:924:7)
1.234     at /app/node_modules/.pnpm/esbuild@0.25.8/node_modules/esbuild/lib/main.js:951:16
1.234     at responseCallbacks.<computed> (/app/node_modules/.pnpm/esbuild@0.25.8/node_modules/esbuild/lib/main.js:603:9)
1.234     at handleIncomingPacket (/app/node_modules/.pnpm/esbuild@0.25.8/node_modules/esbuild/lib/main.js:658:12)
1.234     at Socket.readFromStdout (/app/node_modules/.pnpm/esbuild@0.25.8/node_modules/esbuild/lib/main.js:581:7)
1.234     at Socket.emit (node:events:519:28)
1.234     at addChunk (node:internal/streams/readable:561:12)
1.277 ELIFECYCLE Command failed with exit code 1.
------
Error: failed to fetch an image or build from source: error building: failed to solve: process "/bin/sh -c pnpm run build" did not complete successfully: exit code: 1
npm run build failed
unsuccessful command 'flyctl deploy --build-only --push -a eraserproxy-developement --image-label deployment-76a28498d1aa7759e835e24bbbf36061 '
```

Dockerfile


```
# syntax = docker/dockerfile:1

# Adjust NODE_VERSION as desired
ARG NODE_VERSION=22.21.1
FROM node:${NODE_VERSION}-slim AS base

LABEL fly_launch_runtime="Vite"

# Vite app lives here
WORKDIR /app

# Set production environment
ENV NODE_ENV="production"

# Install pnpm
ARG PNPM_VERSION=latest
RUN npm install -g pnpm@$PNPM_VERSION


# Throw-away build stage to reduce size of final image
FROM base AS build

# Install packages needed to build node modules
RUN apt-get update -qq && \
    apt-get install --no-install-recommends -y build-essential node-gyp pkg-config python-is-python3

# Install node modules
COPY .npmrc package.json pnpm-lock.yaml ./
RUN pnpm install --frozen-lockfile --prod=false

# Copy application code
COPY . .

# Build application
RUN pnpm run build

# Remove development dependencies
RUN pnpm prune --prod


# Final stage for app image
FROM nginx

# Copy built application
COPY --from=build /app/dist /usr/share/nginx/html

# Start the server by default, this can be overwritten at runtime
EXPOSE 80
CMD [ "/usr/sbin/nginx", "-g", "daemon off;" ]

```


fly.toml


```
# fly.toml app configuration file generated for eraserproxy-developement on 2025-12-14T02:36:32Z
#
# See https://fly.io/docs/reference/configuration/ for information about how to use this file.
#

app = 'eraserproxy-developement'
primary_region = 'dfw'

[build]

[http_service]
  internal_port = 80
  force_https = true
  auto_stop_machines = 'stop'
  auto_start_machines = true
  min_machines_running = 0
  processes = ['app']

[[vm]]
  memory = '1gb'
  cpu_kind = 'shared'
  cpus = 1
  memory_mb = 1024

```

